--------------- Rebuild Started: 06/21/2016 15:36:10 Project: main.c, Configuration: ARM GCC 4.9-2015-q1-update Debug ---------------
arm-none-eabi-gcc.exe -mcpu=cortex-m3 -mthumb -Wno-main -I..\..\emFile_V322c\Code\Include\PSoC5\emf32nOS -I..\..\emFile_V322c\Code\Include\PSoC5 -I. -IGenerated_Source\PSoC5 -Wa,-alh=.\CortexM3\ARM_GCC_493\Debug/main.lst -g -D DEBUG -Wall -ffunction-sections -Og -ffat-lto-objects -c .\main.c -o .\CortexM3\ARM_GCC_493\Debug\main.o
.\main.c: In function 'main':
.\main.c:94:22: warning: passing argument 1 of 'FS_FRead' discards 'volatile' qualifier from pointer target type
             FS_FRead(&AudioBuffer[emptyBufferIndex][0], dataLeft, 2, pFile);
                      ^
In file included from .\main.c:2:0:
..\..\emFile_V322c\Code\Include\PSoC5/FS.h:316:18: note: expected 'void *' but argument is of type 'volatile uint16_t *'
 U32              FS_FRead (      void * pData, U32 Size, U32 N, FS_FILE * pFile);
                  ^
.\main.c:100:22: warning: passing argument 1 of 'FS_FRead' discards 'volatile' qualifier from pointer target type
             FS_FRead(&AudioBuffer[emptyBufferIndex][0], 8192, 2, pFile);
                      ^
In file included from .\main.c:2:0:
..\..\emFile_V322c\Code\Include\PSoC5/FS.h:316:18: note: expected 'void *' but argument is of type 'volatile uint16_t *'
 U32              FS_FRead (      void * pData, U32 Size, U32 N, FS_FILE * pFile);
                  ^
.\main.c:34:14: warning: unused variable 'numSamplesRead' [-Wunused-variable]
     uint32_t numSamplesRead = 0;
              ^
--------------- Rebuild Succeeded: 06/21/2016 15:36:11 ---------------
