#***************************************************************************

#sjplacer

#Version:            1.1

#Build Date:         Apr 25 2016 12:55:34

#File Generated:     Jul 5 2016 15:11:30

#Purpose:            

#Copyright (C) 2010-2011 by Softjin Technologies Pvt Ltd. All rights reserved.

#***************************************************************************

Executing : C:\Program Files (x86)\Cypress\PSoC Creator\3.3\PSoC Creator\bin/sjplacer.exe --proj-name Spectacle_Audio_Output_Board --netlist-vh2 Spectacle_Audio_Output_Board_p.vh2 --arch-file C:\Program Files (x86)\Cypress\PSoC Creator\3.3\PSoC Creator\dev/arch/p35_udb4x6.ark --rrg-file C:\Program Files (x86)\Cypress\PSoC Creator\3.3\PSoC Creator\dev/psoc5/psoc5lp/route_arch-rrg.cydata --irq-file C:\Program Files (x86)\Cypress\PSoC Creator\3.3\PSoC Creator\dev/psoc5/psoc5lp/irqconn.cydata --drq-file C:\Program Files (x86)\Cypress\PSoC Creator\3.3\PSoC Creator\dev/psoc5/psoc5lp/dmaconn.cydata --dsi-conn-file C:\Program Files (x86)\Cypress\PSoC Creator\3.3\PSoC Creator\dev/psoc5/psoc5lp/dsiconn.cydata --pins-file pins_100-TQFP.xml --lib-file Spectacle_Audio_Output_Board_p.lib --sdc-file Spectacle_Audio_Output_Board.sdc --io-pcf Spectacle_Audio_Output_Board.pci --outdir .

		Softjin Techologies Placer, Version 1.1

Build Date : Apr 25 2016	12:53:53

D2004: Option and Settings Summary
=============================================================
Netlist vh2 file          - Spectacle_Audio_Output_Board_p.vh2
Architecture file         - C:\Program Files (x86)\Cypress\PSoC Creator\3.3\PSoC Creator\dev/arch/p35_udb4x6.ark
Package                   - 
Defparam file             - 
SDC file                  - Spectacle_Audio_Output_Board.sdc
Output directory          - .
Timing library            - Spectacle_Audio_Output_Board_p.lib
IO Placement file         - Spectacle_Audio_Output_Board.pci

D2050: Starting reading inputs for placer
=============================================================
D2065: Reading netlist file : "Spectacle_Audio_Output_Board_p.vh2"
D2065: Reading arch file : "C:\Program Files (x86)\Cypress\PSoC Creator\3.3\PSoC Creator\dev/arch/p35_udb4x6.ark"
D2051: Reading of inputs for placer completed successfully

D2053: Starting placement of the design
=============================================================

Phase 2
Phase 3

Design Statistics after Packing
    Number of Combinational MCs 	:	17
    Number of Sequential MCs    	:	35
    Number of DPs               	:	5
    Number of Controls          	:	4
    Number of Status            	:	5
    Number of SyncCells         	:	0
    Number of count7cells       	:	3

Device Utilization Summary after Packing
    Macrocells                  :	52/192
    UDBS                        :	9/24
    IOs                         :	14/72


D2088: Phase 3, elapsed time : 0.0 (sec)

Phase 4
D2088: Phase 4, elapsed time : 0.0 (sec)

Phase 5
D2088: Phase 5, elapsed time : 0.0 (sec)

Phase 6

######################################################################
Placement Timing Summary

The timing summary is based on estimated routing delays after
placement. For final timing report, please carry out the timing
analysis after routing.
======================================================================

######################################################################
                     Clock Summary 
======================================================================
Number of clocks: 12
Clock: Clock_1              | Frequency: N/A       | Target:  12.0 MHz
Clock: Clock_1(routed)      | Frequency: N/A       | Target:  11.3 MHz
Clock: Clock_2              | Frequency:  79.4 MHz | Target:   2.9 MHz
Clock: CyBUS_CLK            | Frequency:  55.7 MHz | Target:  24.0 MHz
Clock: CyBUS_CLK(fixed-function) | Frequency: N/A       | Target:  24.0 MHz
Clock: CyILO                | Frequency: N/A       | Target:   0.1 MHz
Clock: CyIMO                | Frequency: N/A       | Target:  24.0 MHz
Clock: CyMASTER_CLK         | Frequency:  55.7 MHz | Target:  72.0 MHz
Clock: CyPLL_OUT            | Frequency: N/A       | Target:  72.0 MHz
Clock: CyXTAL               | Frequency: N/A       | Target:  11.3 MHz
Clock: UART_IntClock        | Frequency:  55.7 MHz | Target:   0.9 MHz
Clock: emFile_Clock_1       | Frequency:  67.1 MHz | Target:  72.0 MHz

======================================================================
                     End of Clock Summary
######################################################################

D2088: Phase 6, elapsed time : 0.1 (sec)

Phase 7
######################################################################
                     Clock Summary 
======================================================================
Number of clocks: 12
Clock: Clock_1              | Frequency: N/A       | Target:  12.0 MHz
Clock: Clock_1(routed)      | Frequency: N/A       | Target:  11.3 MHz
Clock: Clock_2              | Frequency:  87.6 MHz | Target:   2.9 MHz
Clock: CyBUS_CLK            | Frequency:  61.4 MHz | Target:  24.0 MHz
Clock: CyBUS_CLK(fixed-function) | Frequency: N/A       | Target:  24.0 MHz
Clock: CyILO                | Frequency: N/A       | Target:   0.1 MHz
Clock: CyIMO                | Frequency: N/A       | Target:  24.0 MHz
Clock: CyMASTER_CLK         | Frequency:  61.4 MHz | Target:  72.0 MHz
Clock: CyPLL_OUT            | Frequency: N/A       | Target:  72.0 MHz
Clock: CyXTAL               | Frequency: N/A       | Target:  11.3 MHz
Clock: UART_IntClock        | Frequency:  60.4 MHz | Target:   0.9 MHz
Clock: emFile_Clock_1       | Frequency:  67.8 MHz | Target:  72.0 MHz

======================================================================
                     End of Clock Summary
######################################################################
D2088: Phase 7, elapsed time : 1.9 (sec)

Final Design Statistics
    Number of Combinational MCs 	:	17
    Number of Sequential MCs    	:	35
    Number of DPs               	:	5
    Number of Controls          	:	4
    Number of Status            	:	5
    Number of SyncCells         	:	0
    Number of count7cells       	:	3
    Number of IOs       	:	14

Device Utilization Summary
    Macrocells                  :	52/192
    IOs                         :	14/72



######################################################################
Placement Timing Summary

The timing summary is based on estimated routing delays after
placement. For final timing report, please carry out the timing
analysis after routing.
======================================================================


######################################################################
                     Clock Summary 
======================================================================
Number of clocks: 12
Clock: Clock_1              | Frequency: N/A       | Target:  12.0 MHz
Clock: Clock_1(routed)      | Frequency: N/A       | Target:  11.3 MHz
Clock: Clock_2              | Frequency:  76.1 MHz | Target:   2.9 MHz
Clock: CyBUS_CLK            | Frequency:  72.7 MHz | Target:  24.0 MHz
Clock: CyBUS_CLK(fixed-function) | Frequency: N/A       | Target:  24.0 MHz
Clock: CyILO                | Frequency: N/A       | Target:   0.1 MHz
Clock: CyIMO                | Frequency: N/A       | Target:  24.0 MHz
Clock: CyMASTER_CLK         | Frequency:  72.7 MHz | Target:  72.0 MHz
Clock: CyPLL_OUT            | Frequency: N/A       | Target:  72.0 MHz
Clock: CyXTAL               | Frequency: N/A       | Target:  11.3 MHz
Clock: UART_IntClock        | Frequency:  67.4 MHz | Target:   0.9 MHz
Clock: emFile_Clock_1       | Frequency:  68.1 MHz | Target:  72.0 MHz

======================================================================
                     End of Clock Summary
######################################################################

Phase 8
D2088: Phase 8, elapsed time : 0.0 (sec)

D2054: Placement of the design completed successfully

I2076: Total run-time: 3.1 sec.

